nohup: ignoring input
0it [00:00, ?it/s]0it [00:00, ?it/s]
  0%|          | 0/13 [00:00<?, ?it/s]  8%|▊         | 1/13 [00:01<00:20,  1.72s/it] 15%|█▌        | 2/13 [00:03<00:18,  1.67s/it] 23%|██▎       | 3/13 [00:04<00:16,  1.68s/it] 31%|███       | 4/13 [00:06<00:14,  1.63s/it] 38%|███▊      | 5/13 [00:07<00:12,  1.57s/it] 46%|████▌     | 6/13 [00:09<00:10,  1.57s/it] 54%|█████▍    | 7/13 [00:10<00:09,  1.52s/it] 62%|██████▏   | 8/13 [00:12<00:07,  1.52s/it] 69%|██████▉   | 9/13 [00:13<00:05,  1.49s/it] 77%|███████▋  | 10/13 [00:15<00:04,  1.49s/it] 85%|████████▍ | 11/13 [00:16<00:02,  1.45s/it] 92%|█████████▏| 12/13 [00:18<00:01,  1.48s/it]100%|██████████| 13/13 [00:19<00:00,  1.47s/it]100%|██████████| 13/13 [00:19<00:00,  1.51s/it]
  0%|          | 0/43 [00:00<?, ?it/s]  2%|▏         | 1/43 [00:02<01:27,  2.08s/it]  5%|▍         | 2/43 [00:03<01:18,  1.91s/it]  7%|▋         | 3/43 [00:05<01:12,  1.82s/it]  9%|▉         | 4/43 [00:06<01:06,  1.70s/it] 12%|█▏        | 5/43 [00:08<01:01,  1.61s/it] 14%|█▍        | 6/43 [00:09<00:57,  1.55s/it] 16%|█▋        | 7/43 [00:10<00:55,  1.54s/it] 19%|█▊        | 8/43 [00:12<00:53,  1.53s/it] 21%|██        | 9/43 [00:14<00:52,  1.55s/it] 23%|██▎       | 10/43 [00:15<00:50,  1.53s/it] 26%|██▌       | 11/43 [00:16<00:48,  1.51s/it] 28%|██▊       | 12/43 [00:18<00:45,  1.47s/it] 30%|███       | 13/43 [00:19<00:43,  1.44s/it] 33%|███▎      | 14/43 [00:21<00:41,  1.44s/it] 35%|███▍      | 15/43 [00:22<00:40,  1.44s/it] 37%|███▋      | 16/43 [00:24<00:40,  1.49s/it] 40%|███▉      | 17/43 [00:25<00:38,  1.50s/it] 42%|████▏     | 18/43 [00:27<00:36,  1.45s/it] 44%|████▍     | 19/43 [00:28<00:34,  1.45s/it] 47%|████▋     | 20/43 [00:29<00:32,  1.43s/it] 49%|████▉     | 21/43 [00:31<00:31,  1.41s/it] 51%|█████     | 22/43 [00:32<00:30,  1.46s/it] 53%|█████▎    | 23/43 [00:34<00:28,  1.43s/it] 56%|█████▌    | 24/43 [00:35<00:27,  1.45s/it] 58%|█████▊    | 25/43 [00:37<00:25,  1.42s/it] 60%|██████    | 26/43 [00:38<00:24,  1.42s/it] 63%|██████▎   | 27/43 [00:39<00:22,  1.42s/it] 65%|██████▌   | 28/43 [00:41<00:20,  1.40s/it] 67%|██████▋   | 29/43 [00:42<00:19,  1.42s/it] 70%|██████▉   | 30/43 [00:44<00:18,  1.46s/it] 72%|███████▏  | 31/43 [00:45<00:17,  1.48s/it] 74%|███████▍  | 32/43 [00:47<00:15,  1.44s/it] 77%|███████▋  | 33/43 [00:48<00:14,  1.48s/it] 79%|███████▉  | 34/43 [00:50<00:12,  1.43s/it] 81%|████████▏ | 35/43 [00:51<00:11,  1.44s/it] 84%|████████▎ | 36/43 [00:53<00:10,  1.46s/it] 86%|████████▌ | 37/43 [00:54<00:08,  1.46s/it] 88%|████████▊ | 38/43 [00:55<00:07,  1.43s/it] 91%|█████████ | 39/43 [00:57<00:05,  1.45s/it] 93%|█████████▎| 40/43 [00:58<00:04,  1.42s/it] 95%|█████████▌| 41/43 [01:00<00:02,  1.44s/it] 98%|█████████▊| 42/43 [01:01<00:01,  1.42s/it]100%|██████████| 43/43 [01:03<00:00,  1.45s/it]100%|██████████| 43/43 [01:03<00:00,  1.47s/it]
  0%|          | 0/16 [00:00<?, ?it/s]  6%|▋         | 1/16 [00:01<00:21,  1.40s/it] 12%|█▎        | 2/16 [00:02<00:19,  1.41s/it] 19%|█▉        | 3/16 [00:04<00:18,  1.42s/it] 25%|██▌       | 4/16 [00:05<00:17,  1.42s/it] 31%|███▏      | 5/16 [00:07<00:15,  1.45s/it] 38%|███▊      | 6/16 [00:08<00:14,  1.46s/it] 44%|████▍     | 7/16 [00:10<00:13,  1.48s/it] 50%|█████     | 8/16 [00:11<00:11,  1.45s/it] 56%|█████▋    | 9/16 [00:13<00:10,  1.46s/it] 62%|██████▎   | 10/16 [00:14<00:08,  1.47s/it] 69%|██████▉   | 11/16 [00:16<00:07,  1.57s/it] 75%|███████▌  | 12/16 [00:17<00:06,  1.51s/it] 81%|████████▏ | 13/16 [00:19<00:04,  1.49s/it] 88%|████████▊ | 14/16 [00:20<00:02,  1.47s/it] 94%|█████████▍| 15/16 [00:22<00:01,  1.46s/it]100%|██████████| 16/16 [00:23<00:00,  1.43s/it]100%|██████████| 16/16 [00:23<00:00,  1.46s/it]
  0%|          | 0/11 [00:00<?, ?it/s]  9%|▉         | 1/11 [00:01<00:14,  1.41s/it] 18%|█▊        | 2/11 [00:02<00:12,  1.39s/it] 27%|██▋       | 3/11 [00:04<00:11,  1.38s/it] 36%|███▋      | 4/11 [00:05<00:09,  1.40s/it] 45%|████▌     | 5/11 [00:06<00:08,  1.39s/it] 55%|█████▍    | 6/11 [00:08<00:07,  1.46s/it] 64%|██████▎   | 7/11 [00:10<00:05,  1.46s/it] 73%|███████▎  | 8/11 [00:11<00:04,  1.50s/it] 82%|████████▏ | 9/11 [00:13<00:03,  1.53s/it] 91%|█████████ | 10/11 [00:14<00:01,  1.55s/it]100%|██████████| 11/11 [00:16<00:00,  1.53s/it]100%|██████████| 11/11 [00:16<00:00,  1.48s/it]
  0%|          | 0/22 [00:00<?, ?it/s]  5%|▍         | 1/22 [00:01<00:36,  1.74s/it]  9%|▉         | 2/22 [00:03<00:35,  1.77s/it] 14%|█▎        | 3/22 [00:05<00:31,  1.68s/it] 18%|█▊        | 4/22 [00:06<00:29,  1.64s/it] 23%|██▎       | 5/22 [00:07<00:26,  1.57s/it] 27%|██▋       | 6/22 [00:09<00:24,  1.52s/it] 32%|███▏      | 7/22 [00:10<00:23,  1.54s/it] 36%|███▋      | 8/22 [00:12<00:21,  1.51s/it] 41%|████      | 9/22 [00:14<00:20,  1.60s/it] 45%|████▌     | 10/22 [00:15<00:18,  1.58s/it] 50%|█████     | 11/22 [00:17<00:17,  1.55s/it] 55%|█████▍    | 12/22 [00:18<00:14,  1.48s/it] 59%|█████▉    | 13/22 [00:20<00:13,  1.49s/it] 64%|██████▎   | 14/22 [00:21<00:11,  1.46s/it] 68%|██████▊   | 15/22 [00:23<00:10,  1.50s/it] 73%|███████▎  | 16/22 [00:24<00:08,  1.43s/it] 77%|███████▋  | 17/22 [00:25<00:07,  1.43s/it] 82%|████████▏ | 18/22 [00:27<00:05,  1.44s/it] 86%|████████▋ | 19/22 [00:28<00:04,  1.46s/it] 91%|█████████ | 20/22 [00:30<00:02,  1.43s/it] 95%|█████████▌| 21/22 [00:31<00:01,  1.47s/it]100%|██████████| 22/22 [00:32<00:00,  1.43s/it]100%|██████████| 22/22 [00:32<00:00,  1.50s/it]
  0%|          | 0/10 [00:00<?, ?it/s] 10%|█         | 1/10 [00:01<00:12,  1.35s/it] 20%|██        | 2/10 [00:02<00:10,  1.37s/it] 30%|███       | 3/10 [00:04<00:09,  1.37s/it] 40%|████      | 4/10 [00:05<00:08,  1.42s/it] 50%|█████     | 5/10 [00:07<00:07,  1.51s/it] 60%|██████    | 6/10 [00:09<00:06,  1.73s/it] 70%|███████   | 7/10 [00:11<00:04,  1.66s/it] 80%|████████  | 8/10 [00:13<00:03,  1.82s/it] 90%|█████████ | 9/10 [00:14<00:01,  1.72s/it]100%|██████████| 10/10 [00:16<00:00,  1.61s/it]100%|██████████| 10/10 [00:16<00:00,  1.62s/it]
  0%|          | 0/12 [00:00<?, ?it/s]  8%|▊         | 1/12 [00:01<00:16,  1.47s/it] 17%|█▋        | 2/12 [00:05<00:22,  2.22s/it] 25%|██▌       | 3/12 [00:06<00:17,  1.99s/it] 33%|███▎      | 4/12 [00:08<00:14,  1.78s/it] 42%|████▏     | 5/12 [00:09<00:12,  1.73s/it] 50%|█████     | 6/12 [00:11<00:09,  1.65s/it] 58%|█████▊    | 7/12 [00:12<00:08,  1.61s/it] 67%|██████▋   | 8/12 [00:14<00:06,  1.54s/it] 75%|███████▌  | 9/12 [00:15<00:04,  1.56s/it] 83%|████████▎ | 10/12 [00:17<00:03,  1.56s/it] 92%|█████████▏| 11/12 [00:18<00:01,  1.50s/it]100%|██████████| 12/12 [00:20<00:00,  1.49s/it]100%|██████████| 12/12 [00:20<00:00,  1.68s/it]
  0%|          | 0/20 [00:00<?, ?it/s]  5%|▌         | 1/20 [00:01<00:25,  1.35s/it] 10%|█         | 2/20 [00:03<00:26,  1.46s/it] 15%|█▌        | 3/20 [00:04<00:25,  1.48s/it] 20%|██        | 4/20 [00:06<00:24,  1.54s/it] 25%|██▌       | 5/20 [00:07<00:22,  1.51s/it] 30%|███       | 6/20 [00:09<00:21,  1.52s/it] 35%|███▌      | 7/20 [00:10<00:19,  1.54s/it] 40%|████      | 8/20 [00:12<00:18,  1.50s/it] 45%|████▌     | 9/20 [00:14<00:17,  1.63s/it] 50%|█████     | 10/20 [00:15<00:15,  1.57s/it] 55%|█████▌    | 11/20 [00:17<00:13,  1.52s/it] 60%|██████    | 12/20 [00:18<00:11,  1.48s/it] 65%|██████▌   | 13/20 [00:19<00:10,  1.45s/it] 70%|███████   | 14/20 [00:21<00:08,  1.43s/it] 75%|███████▌  | 15/20 [00:22<00:07,  1.42s/it] 80%|████████  | 16/20 [00:24<00:06,  1.58s/it] 85%|████████▌ | 17/20 [00:25<00:04,  1.54s/it] 90%|█████████ | 18/20 [00:27<00:03,  1.51s/it] 95%|█████████▌| 19/20 [00:28<00:01,  1.48s/it]100%|██████████| 20/20 [00:30<00:00,  1.48s/it]100%|██████████| 20/20 [00:30<00:00,  1.51s/it]
  0%|          | 0/25 [00:00<?, ?it/s]  4%|▍         | 1/25 [00:01<00:39,  1.63s/it]  8%|▊         | 2/25 [00:03<00:36,  1.60s/it] 12%|█▏        | 3/25 [00:04<00:34,  1.58s/it] 16%|█▌        | 4/25 [00:06<00:33,  1.57s/it] 20%|██        | 5/25 [00:07<00:31,  1.57s/it] 24%|██▍       | 6/25 [00:09<00:28,  1.49s/it] 28%|██▊       | 7/25 [00:10<00:27,  1.50s/it] 32%|███▏      | 8/25 [00:12<00:25,  1.50s/it] 36%|███▌      | 9/25 [00:13<00:23,  1.47s/it] 40%|████      | 10/25 [00:15<00:22,  1.50s/it] 44%|████▍     | 11/25 [00:16<00:21,  1.51s/it] 48%|████▊     | 12/25 [00:18<00:19,  1.51s/it] 52%|█████▏    | 13/25 [00:20<00:19,  1.62s/it] 56%|█████▌    | 14/25 [00:21<00:17,  1.59s/it] 60%|██████    | 15/25 [00:23<00:15,  1.59s/it] 64%|██████▍   | 16/25 [00:24<00:13,  1.55s/it] 68%|██████▊   | 17/25 [00:26<00:12,  1.52s/it] 72%|███████▏  | 18/25 [00:27<00:10,  1.48s/it] 76%|███████▌  | 19/25 [00:28<00:08,  1.48s/it] 80%|████████  | 20/25 [00:30<00:07,  1.51s/it] 84%|████████▍ | 21/25 [00:31<00:06,  1.50s/it] 88%|████████▊ | 22/25 [00:33<00:04,  1.49s/it] 92%|█████████▏| 23/25 [00:34<00:02,  1.46s/it] 96%|█████████▌| 24/25 [00:36<00:01,  1.61s/it]100%|██████████| 25/25 [00:38<00:00,  1.56s/it]100%|██████████| 25/25 [00:38<00:00,  1.53s/it]
  0%|          | 0/22 [00:00<?, ?it/s]  5%|▍         | 1/22 [00:01<00:29,  1.40s/it]  9%|▉         | 2/22 [00:02<00:28,  1.41s/it] 14%|█▎        | 3/22 [00:04<00:27,  1.43s/it] 18%|█▊        | 4/22 [00:06<00:27,  1.51s/it] 23%|██▎       | 5/22 [00:07<00:25,  1.47s/it] 27%|██▋       | 6/22 [00:08<00:23,  1.49s/it] 32%|███▏      | 7/22 [00:10<00:22,  1.50s/it] 36%|███▋      | 8/22 [00:11<00:20,  1.46s/it] 41%|████      | 9/22 [00:13<00:18,  1.45s/it] 45%|████▌     | 10/22 [00:15<00:18,  1.55s/it] 50%|█████     | 11/22 [00:16<00:17,  1.56s/it] 55%|█████▍    | 12/22 [00:18<00:15,  1.52s/it] 59%|█████▉    | 13/22 [00:19<00:13,  1.52s/it] 64%|██████▎   | 14/22 [00:20<00:11,  1.50s/it] 68%|██████▊   | 15/22 [00:27<00:20,  2.90s/it] 73%|███████▎  | 16/22 [00:29<00:15,  2.62s/it] 77%|███████▋  | 17/22 [00:30<00:11,  2.29s/it] 82%|████████▏ | 18/22 [00:32<00:08,  2.04s/it] 86%|████████▋ | 19/22 [00:33<00:05,  1.88s/it] 91%|█████████ | 20/22 [00:35<00:03,  1.80s/it] 95%|█████████▌| 21/22 [00:36<00:01,  1.72s/it]100%|██████████| 22/22 [00:38<00:00,  1.71s/it]100%|██████████| 22/22 [00:38<00:00,  1.75s/it]
  0%|          | 0/30 [00:00<?, ?it/s]  3%|▎         | 1/30 [00:01<00:43,  1.49s/it]  7%|▋         | 2/30 [00:03<00:42,  1.51s/it] 10%|█         | 3/30 [00:04<00:40,  1.50s/it] 13%|█▎        | 4/30 [00:06<00:39,  1.51s/it] 17%|█▋        | 5/30 [00:07<00:37,  1.50s/it] 20%|██        | 6/30 [00:09<00:36,  1.52s/it] 23%|██▎       | 7/30 [00:10<00:36,  1.57s/it] 27%|██▋       | 8/30 [00:12<00:33,  1.52s/it] 30%|███       | 9/30 [00:13<00:32,  1.53s/it] 33%|███▎      | 10/30 [00:15<00:30,  1.52s/it] 37%|███▋      | 11/30 [00:16<00:28,  1.48s/it] 40%|████      | 12/30 [00:18<00:27,  1.51s/it] 43%|████▎     | 13/30 [00:20<00:30,  1.79s/it] 47%|████▋     | 14/30 [00:21<00:26,  1.66s/it] 50%|█████     | 15/30 [00:23<00:24,  1.62s/it] 53%|█████▎    | 16/30 [00:25<00:22,  1.58s/it] 57%|█████▋    | 17/30 [00:26<00:20,  1.55s/it] 60%|██████    | 18/30 [00:27<00:18,  1.53s/it] 63%|██████▎   | 19/30 [00:29<00:16,  1.51s/it] 67%|██████▋   | 20/30 [00:30<00:14,  1.47s/it] 70%|███████   | 21/30 [00:32<00:13,  1.49s/it] 73%|███████▎  | 22/30 [00:33<00:11,  1.50s/it] 77%|███████▋  | 23/30 [00:35<00:10,  1.51s/it] 80%|████████  | 24/30 [00:36<00:08,  1.48s/it] 83%|████████▎ | 25/30 [00:38<00:07,  1.54s/it] 87%|████████▋ | 26/30 [00:39<00:06,  1.50s/it] 90%|█████████ | 27/30 [00:41<00:04,  1.50s/it] 93%|█████████▎| 28/30 [00:43<00:03,  1.53s/it] 97%|█████████▋| 29/30 [00:44<00:01,  1.56s/it]100%|██████████| 30/30 [00:46<00:00,  1.51s/it]100%|██████████| 30/30 [00:46<00:00,  1.53s/it]
  0%|          | 0/11 [00:00<?, ?it/s]  9%|▉         | 1/11 [00:01<00:15,  1.54s/it] 18%|█▊        | 2/11 [00:03<00:14,  1.61s/it] 27%|██▋       | 3/11 [00:04<00:12,  1.59s/it] 36%|███▋      | 4/11 [00:06<00:10,  1.54s/it] 45%|████▌     | 5/11 [00:07<00:09,  1.50s/it] 55%|█████▍    | 6/11 [00:09<00:07,  1.49s/it] 64%|██████▎   | 7/11 [00:10<00:06,  1.50s/it] 73%|███████▎  | 8/11 [00:12<00:04,  1.58s/it] 82%|████████▏ | 9/11 [00:13<00:03,  1.54s/it] 91%|█████████ | 10/11 [00:15<00:01,  1.56s/it]100%|██████████| 11/11 [00:16<00:00,  1.53s/it]100%|██████████| 11/11 [00:16<00:00,  1.54s/it]
  0%|          | 0/38 [00:00<?, ?it/s]  3%|▎         | 1/38 [00:01<00:52,  1.43s/it]  5%|▌         | 2/38 [00:02<00:52,  1.46s/it]  8%|▊         | 3/38 [00:04<00:53,  1.54s/it] 11%|█         | 4/38 [00:06<00:51,  1.52s/it] 13%|█▎        | 5/38 [00:07<00:50,  1.53s/it] 16%|█▌        | 6/38 [00:09<00:50,  1.57s/it] 18%|█▊        | 7/38 [00:11<00:56,  1.82s/it] 21%|██        | 8/38 [00:13<00:50,  1.69s/it] 24%|██▎       | 9/38 [00:14<00:46,  1.59s/it] 26%|██▋       | 10/38 [00:16<00:43,  1.57s/it] 29%|██▉       | 11/38 [00:17<00:41,  1.54s/it] 32%|███▏      | 12/38 [00:19<00:39,  1.53s/it] 34%|███▍      | 13/38 [00:20<00:37,  1.49s/it] 37%|███▋      | 14/38 [00:21<00:35,  1.48s/it] 39%|███▉      | 15/38 [00:23<00:33,  1.45s/it] 42%|████▏     | 16/38 [00:24<00:32,  1.49s/it] 45%|████▍     | 17/38 [00:26<00:31,  1.52s/it] 47%|████▋     | 18/38 [00:27<00:29,  1.48s/it] 50%|█████     | 19/38 [00:29<00:28,  1.49s/it] 53%|█████▎    | 20/38 [00:30<00:26,  1.45s/it] 55%|█████▌    | 21/38 [00:32<00:24,  1.43s/it] 58%|█████▊    | 22/38 [00:33<00:25,  1.57s/it] 61%|██████    | 23/38 [00:35<00:23,  1.56s/it] 63%|██████▎   | 24/38 [00:37<00:23,  1.66s/it] 66%|██████▌   | 25/38 [00:38<00:21,  1.63s/it] 68%|██████▊   | 26/38 [00:40<00:18,  1.56s/it] 71%|███████   | 27/38 [00:41<00:16,  1.53s/it] 74%|███████▎  | 28/38 [00:43<00:15,  1.52s/it] 76%|███████▋  | 29/38 [00:44<00:13,  1.51s/it] 79%|███████▉  | 30/38 [00:46<00:12,  1.52s/it] 82%|████████▏ | 31/38 [00:48<00:11,  1.67s/it] 84%|████████▍ | 32/38 [00:49<00:09,  1.57s/it] 87%|████████▋ | 33/38 [00:51<00:08,  1.62s/it] 89%|████████▉ | 34/38 [00:52<00:06,  1.53s/it] 92%|█████████▏| 35/38 [00:54<00:04,  1.53s/it] 95%|█████████▍| 36/38 [00:55<00:03,  1.54s/it] 97%|█████████▋| 37/38 [00:57<00:01,  1.51s/it]100%|██████████| 38/38 [00:58<00:00,  1.52s/it]100%|██████████| 38/38 [00:58<00:00,  1.55s/it]
  0%|          | 0/12 [00:00<?, ?it/s]  8%|▊         | 1/12 [00:01<00:16,  1.47s/it] 17%|█▋        | 2/12 [00:02<00:14,  1.47s/it] 25%|██▌       | 3/12 [00:04<00:13,  1.49s/it] 33%|███▎      | 4/12 [00:06<00:12,  1.50s/it] 42%|████▏     | 5/12 [00:07<00:10,  1.53s/it] 50%|█████     | 6/12 [00:09<00:09,  1.57s/it] 58%|█████▊    | 7/12 [00:10<00:07,  1.50s/it] 67%|██████▋   | 8/12 [00:12<00:05,  1.49s/it] 75%|███████▌  | 9/12 [00:13<00:04,  1.49s/it] 83%|████████▎ | 10/12 [00:14<00:02,  1.46s/it] 92%|█████████▏| 11/12 [00:16<00:01,  1.52s/it]100%|██████████| 12/12 [00:18<00:00,  1.49s/it]100%|██████████| 12/12 [00:18<00:00,  1.50s/it]
  0%|          | 0/11 [00:00<?, ?it/s]  9%|▉         | 1/11 [00:01<00:15,  1.55s/it] 18%|█▊        | 2/11 [00:03<00:13,  1.54s/it] 27%|██▋       | 3/11 [00:04<00:12,  1.54s/it] 36%|███▋      | 4/11 [00:06<00:11,  1.67s/it] 45%|████▌     | 5/11 [00:07<00:09,  1.59s/it] 55%|█████▍    | 6/11 [00:09<00:07,  1.58s/it] 64%|██████▎   | 7/11 [00:10<00:06,  1.53s/it] 73%|███████▎  | 8/11 [00:12<00:04,  1.50s/it] 82%|████████▏ | 9/11 [00:13<00:03,  1.53s/it] 91%|█████████ | 10/11 [00:15<00:01,  1.55s/it]100%|██████████| 11/11 [00:17<00:00,  1.52s/it]100%|██████████| 11/11 [00:17<00:00,  1.55s/it]
  0%|          | 0/27 [00:00<?, ?it/s]  4%|▎         | 1/27 [00:01<00:40,  1.54s/it]  7%|▋         | 2/27 [00:02<00:37,  1.51s/it] 11%|█         | 3/27 [00:04<00:36,  1.53s/it] 15%|█▍        | 4/27 [00:06<00:35,  1.55s/it] 19%|█▊        | 5/27 [00:07<00:33,  1.53s/it] 22%|██▏       | 6/27 [00:08<00:30,  1.44s/it] 26%|██▌       | 7/27 [00:10<00:28,  1.43s/it] 30%|██▉       | 8/27 [00:11<00:26,  1.42s/it] 33%|███▎      | 9/27 [00:13<00:25,  1.43s/it] 37%|███▋      | 10/27 [00:14<00:24,  1.44s/it] 41%|████      | 11/27 [00:16<00:24,  1.56s/it] 44%|████▍     | 12/27 [00:17<00:23,  1.54s/it] 48%|████▊     | 13/27 [00:19<00:21,  1.57s/it] 52%|█████▏    | 14/27 [00:21<00:20,  1.56s/it] 56%|█████▌    | 15/27 [00:22<00:18,  1.51s/it] 59%|█████▉    | 16/27 [00:23<00:16,  1.50s/it] 63%|██████▎   | 17/27 [00:25<00:14,  1.46s/it] 67%|██████▋   | 18/27 [00:27<00:13,  1.55s/it] 70%|███████   | 19/27 [00:28<00:12,  1.59s/it] 74%|███████▍  | 20/27 [00:30<00:11,  1.59s/it] 78%|███████▊  | 21/27 [00:31<00:09,  1.57s/it] 81%|████████▏ | 22/27 [00:33<00:07,  1.52s/it] 85%|████████▌ | 23/27 [00:35<00:06,  1.65s/it] 89%|████████▉ | 24/27 [00:36<00:04,  1.61s/it] 93%|█████████▎| 25/27 [00:38<00:03,  1.58s/it] 96%|█████████▋| 26/27 [00:39<00:01,  1.58s/it]100%|██████████| 27/27 [00:41<00:00,  1.56s/it]100%|██████████| 27/27 [00:41<00:00,  1.53s/it]
  0%|          | 0/23 [00:00<?, ?it/s]  4%|▍         | 1/23 [00:01<00:33,  1.51s/it]  9%|▊         | 2/23 [00:02<00:31,  1.50s/it] 13%|█▎        | 3/23 [00:04<00:31,  1.56s/it] 17%|█▋        | 4/23 [00:06<00:29,  1.55s/it] 22%|██▏       | 5/23 [00:07<00:27,  1.54s/it] 26%|██▌       | 6/23 [00:09<00:25,  1.52s/it] 30%|███       | 7/23 [00:10<00:24,  1.50s/it] 35%|███▍      | 8/23 [00:12<00:22,  1.49s/it] 39%|███▉      | 9/23 [00:13<00:21,  1.54s/it] 43%|████▎     | 10/23 [00:15<00:19,  1.50s/it] 48%|████▊     | 11/23 [00:16<00:17,  1.47s/it] 52%|█████▏    | 12/23 [00:18<00:16,  1.47s/it] 57%|█████▋    | 13/23 [00:19<00:14,  1.49s/it] 61%|██████    | 14/23 [00:21<00:13,  1.48s/it] 65%|██████▌   | 15/23 [00:22<00:12,  1.51s/it] 70%|██████▉   | 16/23 [00:24<00:10,  1.55s/it] 74%|███████▍  | 17/23 [00:25<00:09,  1.58s/it] 78%|███████▊  | 18/23 [00:27<00:07,  1.51s/it] 83%|████████▎ | 19/23 [00:29<00:06,  1.60s/it] 87%|████████▋ | 20/23 [00:30<00:04,  1.57s/it] 91%|█████████▏| 21/23 [00:32<00:03,  1.60s/it] 96%|█████████▌| 22/23 [00:33<00:01,  1.56s/it]100%|██████████| 23/23 [00:35<00:00,  1.55s/it]100%|██████████| 23/23 [00:35<00:00,  1.53s/it]
  0%|          | 0/37 [00:00<?, ?it/s]  3%|▎         | 1/37 [00:01<00:55,  1.55s/it]  5%|▌         | 2/37 [00:03<00:54,  1.56s/it]  8%|▊         | 3/37 [00:04<00:53,  1.56s/it] 11%|█         | 4/37 [00:06<00:52,  1.60s/it] 14%|█▎        | 5/37 [00:07<00:50,  1.59s/it] 16%|█▌        | 6/37 [00:09<00:47,  1.55s/it] 19%|█▉        | 7/37 [00:10<00:45,  1.53s/it] 22%|██▏       | 8/37 [00:12<00:43,  1.49s/it] 24%|██▍       | 9/37 [00:13<00:41,  1.48s/it] 27%|██▋       | 10/37 [00:15<00:41,  1.53s/it] 30%|██▉       | 11/37 [00:16<00:39,  1.53s/it] 32%|███▏      | 12/37 [00:18<00:37,  1.51s/it] 35%|███▌      | 13/37 [00:19<00:35,  1.48s/it] 38%|███▊      | 14/37 [00:21<00:33,  1.47s/it] 41%|████      | 15/37 [00:22<00:32,  1.46s/it] 43%|████▎     | 16/37 [00:24<00:30,  1.46s/it] 46%|████▌     | 17/37 [00:25<00:29,  1.48s/it] 49%|████▊     | 18/37 [00:27<00:27,  1.46s/it] 51%|█████▏    | 19/37 [00:28<00:25,  1.42s/it] 54%|█████▍    | 20/37 [00:29<00:24,  1.41s/it] 57%|█████▋    | 21/37 [00:31<00:23,  1.46s/it] 59%|█████▉    | 22/37 [00:32<00:21,  1.44s/it] 62%|██████▏   | 23/37 [00:34<00:20,  1.48s/it] 65%|██████▍   | 24/37 [00:35<00:19,  1.47s/it] 68%|██████▊   | 25/37 [00:37<00:17,  1.48s/it] 70%|███████   | 26/37 [00:38<00:16,  1.52s/it] 73%|███████▎  | 27/37 [00:40<00:14,  1.50s/it] 76%|███████▌  | 28/37 [00:41<00:13,  1.46s/it] 78%|███████▊  | 29/37 [00:43<00:11,  1.44s/it] 81%|████████  | 30/37 [00:44<00:10,  1.46s/it] 84%|████████▍ | 31/37 [00:46<00:08,  1.49s/it] 86%|████████▋ | 32/37 [00:47<00:07,  1.51s/it] 89%|████████▉ | 33/37 [00:49<00:05,  1.46s/it] 92%|█████████▏| 34/37 [00:50<00:04,  1.48s/it] 95%|█████████▍| 35/37 [00:52<00:03,  1.58s/it] 97%|█████████▋| 36/37 [00:53<00:01,  1.54s/it]100%|██████████| 37/37 [00:55<00:00,  1.55s/it]100%|██████████| 37/37 [00:55<00:00,  1.50s/it]
  0%|          | 0/21 [00:00<?, ?it/s]  5%|▍         | 1/21 [00:01<00:30,  1.51s/it] 10%|▉         | 2/21 [00:02<00:28,  1.49s/it] 14%|█▍        | 3/21 [00:04<00:26,  1.48s/it] 19%|█▉        | 4/21 [00:05<00:24,  1.46s/it] 24%|██▍       | 5/21 [00:07<00:23,  1.46s/it] 29%|██▊       | 6/21 [00:08<00:21,  1.46s/it] 33%|███▎      | 7/21 [00:10<00:20,  1.44s/it] 38%|███▊      | 8/21 [00:11<00:18,  1.41s/it] 43%|████▎     | 9/21 [00:13<00:17,  1.48s/it] 48%|████▊     | 10/21 [00:14<00:15,  1.44s/it] 52%|█████▏    | 11/21 [00:16<00:15,  1.56s/it] 57%|█████▋    | 12/21 [00:17<00:14,  1.58s/it] 62%|██████▏   | 13/21 [00:19<00:12,  1.61s/it] 67%|██████▋   | 14/21 [00:21<00:10,  1.57s/it] 71%|███████▏  | 15/21 [00:22<00:09,  1.56s/it] 76%|███████▌  | 16/21 [00:24<00:07,  1.57s/it] 81%|████████  | 17/21 [00:25<00:06,  1.53s/it] 86%|████████▌ | 18/21 [00:27<00:04,  1.54s/it] 90%|█████████ | 19/21 [00:28<00:03,  1.54s/it] 95%|█████████▌| 20/21 [00:30<00:01,  1.55s/it]100%|██████████| 21/21 [00:32<00:00,  1.65s/it]100%|██████████| 21/21 [00:32<00:00,  1.53s/it]
  0%|          | 0/11 [00:00<?, ?it/s]  9%|▉         | 1/11 [00:01<00:15,  1.57s/it] 18%|█▊        | 2/11 [00:02<00:13,  1.52s/it] 27%|██▋       | 3/11 [00:04<00:12,  1.55s/it] 36%|███▋      | 4/11 [00:06<00:10,  1.53s/it] 45%|████▌     | 5/11 [00:07<00:09,  1.52s/it] 55%|█████▍    | 6/11 [00:09<00:07,  1.51s/it] 64%|██████▎   | 7/11 [00:10<00:05,  1.47s/it] 73%|███████▎  | 8/11 [00:11<00:04,  1.46s/it] 82%|████████▏ | 9/11 [00:13<00:02,  1.43s/it] 91%|█████████ | 10/11 [00:14<00:01,  1.47s/it]100%|██████████| 11/11 [00:16<00:00,  1.53s/it]100%|██████████| 11/11 [00:16<00:00,  1.50s/it]
  0%|          | 0/73 [00:00<?, ?it/s]  1%|▏         | 1/73 [00:01<01:51,  1.54s/it]  3%|▎         | 2/73 [00:03<01:48,  1.53s/it]  4%|▍         | 3/73 [00:04<01:44,  1.49s/it]  5%|▌         | 4/73 [00:05<01:42,  1.49s/it]  7%|▋         | 5/73 [00:07<01:41,  1.49s/it]  8%|▊         | 6/73 [00:09<01:42,  1.52s/it] 10%|▉         | 7/73 [00:10<01:41,  1.54s/it] 11%|█         | 8/73 [00:12<01:42,  1.57s/it] 12%|█▏        | 9/73 [00:13<01:39,  1.55s/it] 14%|█▎        | 10/73 [00:15<01:35,  1.51s/it] 15%|█▌        | 11/73 [00:16<01:32,  1.49s/it] 16%|█▋        | 12/73 [00:18<01:31,  1.50s/it] 18%|█▊        | 13/73 [00:19<01:28,  1.48s/it] 19%|█▉        | 14/73 [00:21<01:27,  1.48s/it] 21%|██        | 15/73 [00:22<01:28,  1.53s/it] 22%|██▏       | 16/73 [00:24<01:27,  1.53s/it] 23%|██▎       | 17/73 [00:25<01:24,  1.50s/it] 25%|██▍       | 18/73 [00:27<01:22,  1.51s/it] 26%|██▌       | 19/73 [00:28<01:20,  1.48s/it] 27%|██▋       | 20/73 [00:30<01:19,  1.49s/it] 29%|██▉       | 21/73 [00:31<01:18,  1.50s/it] 30%|███       | 22/73 [00:33<01:16,  1.50s/it] 32%|███▏      | 23/73 [00:35<01:20,  1.62s/it] 33%|███▎      | 24/73 [00:36<01:18,  1.61s/it] 34%|███▍      | 25/73 [00:38<01:16,  1.58s/it] 36%|███▌      | 26/73 [00:39<01:14,  1.58s/it] 37%|███▋      | 27/73 [00:41<01:12,  1.58s/it] 38%|███▊      | 28/73 [00:42<01:11,  1.59s/it] 40%|███▉      | 29/73 [00:44<01:07,  1.54s/it] 41%|████      | 30/73 [00:45<01:06,  1.55s/it] 42%|████▏     | 31/73 [00:47<01:05,  1.55s/it] 44%|████▍     | 32/73 [00:48<01:02,  1.53s/it] 45%|████▌     | 33/73 [00:50<00:59,  1.50s/it] 47%|████▋     | 34/73 [00:51<00:58,  1.50s/it] 48%|████▊     | 35/73 [00:53<00:56,  1.50s/it] 49%|████▉     | 36/73 [00:54<00:54,  1.48s/it] 51%|█████     | 37/73 [00:56<00:56,  1.57s/it] 52%|█████▏    | 38/73 [00:58<00:54,  1.55s/it] 53%|█████▎    | 39/73 [00:59<00:53,  1.58s/it] 55%|█████▍    | 40/73 [01:01<00:50,  1.54s/it] 56%|█████▌    | 41/73 [01:02<00:51,  1.60s/it] 58%|█████▊    | 42/73 [01:04<00:47,  1.54s/it] 59%|█████▉    | 43/73 [01:05<00:45,  1.51s/it] 60%|██████    | 44/73 [01:07<00:42,  1.46s/it] 62%|██████▏   | 45/73 [01:08<00:41,  1.47s/it] 63%|██████▎   | 46/73 [01:09<00:38,  1.43s/it] 64%|██████▍   | 47/73 [01:11<00:38,  1.46s/it] 66%|██████▌   | 48/73 [01:12<00:36,  1.46s/it] 67%|██████▋   | 49/73 [01:14<00:34,  1.46s/it] 68%|██████▊   | 50/73 [01:15<00:33,  1.45s/it] 70%|██████▉   | 51/73 [01:17<00:32,  1.48s/it] 71%|███████   | 52/73 [01:18<00:30,  1.45s/it] 73%|███████▎  | 53/73 [01:20<00:29,  1.45s/it] 74%|███████▍  | 54/73 [01:21<00:27,  1.43s/it] 75%|███████▌  | 55/73 [01:22<00:25,  1.42s/it] 77%|███████▋  | 56/73 [01:24<00:23,  1.40s/it] 78%|███████▊  | 57/73 [01:25<00:22,  1.42s/it] 79%|███████▉  | 58/73 [01:27<00:22,  1.49s/it] 81%|████████  | 59/73 [01:28<00:20,  1.47s/it] 82%|████████▏ | 60/73 [01:30<00:19,  1.53s/it] 84%|████████▎ | 61/73 [01:32<00:18,  1.52s/it] 85%|████████▍ | 62/73 [01:33<00:16,  1.53s/it] 86%|████████▋ | 63/73 [01:35<00:15,  1.53s/it] 88%|████████▊ | 64/73 [01:36<00:13,  1.52s/it] 89%|████████▉ | 65/73 [01:38<00:12,  1.55s/it] 90%|█████████ | 66/73 [01:39<00:11,  1.57s/it] 92%|█████████▏| 67/73 [01:41<00:09,  1.53s/it] 93%|█████████▎| 68/73 [01:42<00:07,  1.48s/it] 95%|█████████▍| 69/73 [01:44<00:06,  1.51s/it] 96%|█████████▌| 70/73 [01:45<00:04,  1.50s/it] 97%|█████████▋| 71/73 [01:47<00:02,  1.49s/it] 99%|█████████▊| 72/73 [01:48<00:01,  1.51s/it]100%|██████████| 73/73 [01:50<00:00,  1.48s/it]100%|██████████| 73/73 [01:50<00:00,  1.51s/it]
  0%|          | 0/12 [00:00<?, ?it/s]  8%|▊         | 1/12 [00:01<00:16,  1.49s/it] 17%|█▋        | 2/12 [00:03<00:15,  1.55s/it] 25%|██▌       | 3/12 [00:04<00:14,  1.56s/it] 33%|███▎      | 4/12 [00:06<00:12,  1.55s/it] 42%|████▏     | 5/12 [00:07<00:10,  1.56s/it] 50%|█████     | 6/12 [00:09<00:09,  1.55s/it] 58%|█████▊    | 7/12 [00:10<00:07,  1.53s/it] 67%|██████▋   | 8/12 [00:12<00:06,  1.51s/it] 75%|███████▌  | 9/12 [00:13<00:04,  1.52s/it] 83%|████████▎ | 10/12 [00:15<00:03,  1.52s/it] 92%|█████████▏| 11/12 [00:17<00:01,  1.63s/it]100%|██████████| 12/12 [00:18<00:00,  1.57s/it]100%|██████████| 12/12 [00:18<00:00,  1.56s/it]
  0%|          | 0/12 [00:00<?, ?it/s]  8%|▊         | 1/12 [00:01<00:19,  1.75s/it] 17%|█▋        | 2/12 [00:03<00:16,  1.68s/it] 25%|██▌       | 3/12 [00:05<00:15,  1.72s/it] 33%|███▎      | 4/12 [00:06<00:13,  1.72s/it] 42%|████▏     | 5/12 [00:08<00:11,  1.68s/it] 50%|█████     | 6/12 [00:09<00:09,  1.62s/it] 58%|█████▊    | 7/12 [00:12<00:09,  1.90s/it] 67%|██████▋   | 8/12 [00:13<00:06,  1.73s/it] 75%|███████▌  | 9/12 [00:15<00:04,  1.64s/it] 83%|████████▎ | 10/12 [00:17<00:03,  1.79s/it] 92%|█████████▏| 11/12 [00:18<00:01,  1.75s/it]100%|██████████| 12/12 [00:20<00:00,  1.77s/it]100%|██████████| 12/12 [00:20<00:00,  1.73s/it]
  0%|          | 0/68 [00:00<?, ?it/s]  1%|▏         | 1/68 [00:01<01:36,  1.45s/it]  3%|▎         | 2/68 [00:03<01:38,  1.49s/it]  4%|▍         | 3/68 [00:04<01:35,  1.47s/it]  6%|▌         | 4/68 [00:06<01:38,  1.54s/it]  7%|▋         | 5/68 [00:07<01:35,  1.52s/it]  9%|▉         | 6/68 [00:09<01:33,  1.51s/it] 10%|█         | 7/68 [00:10<01:32,  1.52s/it] 12%|█▏        | 8/68 [00:12<01:33,  1.55s/it] 13%|█▎        | 9/68 [00:14<01:38,  1.67s/it] 15%|█▍        | 10/68 [00:15<01:37,  1.68s/it] 16%|█▌        | 11/68 [00:17<01:35,  1.68s/it] 18%|█▊        | 12/68 [00:19<01:29,  1.60s/it] 19%|█▉        | 13/68 [00:20<01:25,  1.56s/it] 21%|██        | 14/68 [00:22<01:24,  1.57s/it] 22%|██▏       | 15/68 [00:23<01:24,  1.59s/it] 24%|██▎       | 16/68 [00:25<01:20,  1.55s/it] 25%|██▌       | 17/68 [00:26<01:21,  1.59s/it] 26%|██▋       | 18/68 [00:28<01:14,  1.50s/it] 28%|██▊       | 19/68 [00:29<01:11,  1.46s/it] 29%|██▉       | 20/68 [00:30<01:08,  1.43s/it] 31%|███       | 21/68 [00:32<01:08,  1.45s/it] 32%|███▏      | 22/68 [00:33<01:07,  1.46s/it] 34%|███▍      | 23/68 [00:35<01:06,  1.48s/it] 35%|███▌      | 24/68 [00:36<01:05,  1.49s/it] 37%|███▋      | 25/68 [00:38<01:03,  1.48s/it] 38%|███▊      | 26/68 [00:39<01:01,  1.47s/it] 40%|███▉      | 27/68 [00:41<01:01,  1.50s/it] 41%|████      | 28/68 [00:42<01:01,  1.53s/it] 43%|████▎     | 29/68 [00:44<00:58,  1.51s/it] 44%|████▍     | 30/68 [00:45<00:56,  1.50s/it] 46%|████▌     | 31/68 [00:47<00:53,  1.45s/it] 47%|████▋     | 32/68 [00:48<00:54,  1.50s/it] 49%|████▊     | 33/68 [00:50<00:56,  1.62s/it] 50%|█████     | 34/68 [00:52<00:54,  1.60s/it] 51%|█████▏    | 35/68 [00:53<00:53,  1.61s/it] 53%|█████▎    | 36/68 [00:55<00:50,  1.57s/it] 54%|█████▍    | 37/68 [00:56<00:47,  1.53s/it] 56%|█████▌    | 38/68 [00:58<00:45,  1.51s/it] 57%|█████▋    | 39/68 [00:59<00:42,  1.47s/it] 59%|█████▉    | 40/68 [01:01<00:41,  1.48s/it] 60%|██████    | 41/68 [01:02<00:39,  1.48s/it] 62%|██████▏   | 42/68 [01:04<00:37,  1.45s/it] 63%|██████▎   | 43/68 [01:05<00:35,  1.44s/it] 65%|██████▍   | 44/68 [01:06<00:34,  1.42s/it] 66%|██████▌   | 45/68 [01:08<00:33,  1.47s/it] 68%|██████▊   | 46/68 [01:09<00:32,  1.48s/it] 69%|██████▉   | 47/68 [01:11<00:30,  1.44s/it] 71%|███████   | 48/68 [01:12<00:28,  1.45s/it] 72%|███████▏  | 49/68 [01:14<00:27,  1.44s/it] 74%|███████▎  | 50/68 [01:15<00:25,  1.43s/it] 75%|███████▌  | 51/68 [01:17<00:27,  1.63s/it] 76%|███████▋  | 52/68 [01:19<00:25,  1.57s/it] 78%|███████▊  | 53/68 [01:20<00:22,  1.52s/it] 79%|███████▉  | 54/68 [01:22<00:21,  1.56s/it] 81%|████████  | 55/68 [01:23<00:19,  1.54s/it] 82%|████████▏ | 56/68 [01:25<00:19,  1.62s/it] 84%|████████▍ | 57/68 [01:26<00:17,  1.58s/it] 85%|████████▌ | 58/68 [01:28<00:17,  1.73s/it] 87%|████████▋ | 59/68 [01:30<00:15,  1.70s/it] 88%|████████▊ | 60/68 [01:32<00:12,  1.62s/it] 90%|████████▉ | 61/68 [01:33<00:10,  1.56s/it] 91%|█████████ | 62/68 [01:34<00:08,  1.49s/it] 93%|█████████▎| 63/68 [01:36<00:07,  1.48s/it] 94%|█████████▍| 64/68 [01:37<00:05,  1.50s/it] 96%|█████████▌| 65/68 [01:39<00:04,  1.65s/it] 97%|█████████▋| 66/68 [01:41<00:03,  1.62s/it] 99%|█████████▊| 67/68 [01:42<00:01,  1.60s/it]100%|██████████| 68/68 [01:44<00:00,  1.55s/it]100%|██████████| 68/68 [01:44<00:00,  1.53s/it]
  0%|          | 0/23 [00:00<?, ?it/s]  4%|▍         | 1/23 [00:01<00:36,  1.64s/it]  9%|▊         | 2/23 [00:03<00:33,  1.59s/it] 13%|█▎        | 3/23 [00:04<00:31,  1.59s/it] 17%|█▋        | 4/23 [00:06<00:29,  1.54s/it] 22%|██▏       | 5/23 [00:07<00:28,  1.59s/it] 26%|██▌       | 6/23 [00:09<00:26,  1.55s/it] 30%|███       | 7/23 [00:11<00:26,  1.63s/it] 35%|███▍      | 8/23 [00:12<00:23,  1.59s/it] 39%|███▉      | 9/23 [00:14<00:23,  1.65s/it] 43%|████▎     | 10/23 [00:16<00:25,  1.93s/it] 48%|████▊     | 11/23 [00:18<00:21,  1.81s/it] 52%|█████▏    | 12/23 [00:20<00:18,  1.72s/it] 57%|█████▋    | 13/23 [00:21<00:16,  1.64s/it] 61%|██████    | 14/23 [00:22<00:14,  1.57s/it] 65%|██████▌   | 15/23 [00:24<00:12,  1.56s/it] 70%|██████▉   | 16/23 [00:26<00:11,  1.58s/it] 74%|███████▍  | 17/23 [00:27<00:09,  1.59s/it] 78%|███████▊  | 18/23 [00:29<00:07,  1.55s/it] 83%|████████▎ | 19/23 [00:30<00:06,  1.52s/it] 87%|████████▋ | 20/23 [00:32<00:04,  1.51s/it] 91%|█████████▏| 21/23 [00:33<00:03,  1.52s/it] 96%|█████████▌| 22/23 [00:35<00:01,  1.52s/it]100%|██████████| 23/23 [00:36<00:00,  1.53s/it]100%|██████████| 23/23 [00:36<00:00,  1.59s/it]
  0%|          | 0/27 [00:00<?, ?it/s]  4%|▎         | 1/27 [00:01<00:34,  1.32s/it]  7%|▋         | 2/27 [00:02<00:34,  1.38s/it] 11%|█         | 3/27 [00:04<00:33,  1.39s/it] 15%|█▍        | 4/27 [00:05<00:32,  1.42s/it] 19%|█▊        | 5/27 [00:07<00:31,  1.42s/it] 22%|██▏       | 6/27 [00:08<00:30,  1.46s/it] 26%|██▌       | 7/27 [00:10<00:29,  1.47s/it] 30%|██▉       | 8/27 [00:11<00:28,  1.48s/it] 33%|███▎      | 9/27 [00:13<00:26,  1.46s/it] 37%|███▋      | 10/27 [00:14<00:24,  1.46s/it] 41%|████      | 11/27 [00:15<00:23,  1.45s/it] 44%|████▍     | 12/27 [00:17<00:21,  1.45s/it] 48%|████▊     | 13/27 [00:18<00:20,  1.48s/it] 52%|█████▏    | 14/27 [00:20<00:19,  1.48s/it] 56%|█████▌    | 15/27 [00:21<00:17,  1.48s/it] 59%|█████▉    | 16/27 [00:23<00:16,  1.48s/it] 63%|██████▎   | 17/27 [00:25<00:15,  1.51s/it] 67%|██████▋   | 18/27 [00:26<00:13,  1.48s/it] 70%|███████   | 19/27 [00:27<00:12,  1.51s/it] 74%|███████▍  | 20/27 [00:29<00:10,  1.52s/it] 78%|███████▊  | 21/27 [00:31<00:10,  1.69s/it] 81%|████████▏ | 22/27 [00:33<00:08,  1.62s/it] 85%|████████▌ | 23/27 [00:34<00:06,  1.60s/it] 89%|████████▉ | 24/27 [00:36<00:04,  1.54s/it] 93%|█████████▎| 25/27 [00:37<00:03,  1.53s/it] 96%|█████████▋| 26/27 [00:39<00:01,  1.56s/it]100%|██████████| 27/27 [00:40<00:00,  1.51s/it]100%|██████████| 27/27 [00:40<00:00,  1.50s/it]
  0%|          | 0/19 [00:00<?, ?it/s]  5%|▌         | 1/19 [00:01<00:29,  1.66s/it] 11%|█         | 2/19 [00:03<00:27,  1.63s/it] 16%|█▌        | 3/19 [00:04<00:25,  1.57s/it] 21%|██        | 4/19 [00:06<00:23,  1.55s/it] 26%|██▋       | 5/19 [00:07<00:21,  1.55s/it] 32%|███▏      | 6/19 [00:09<00:19,  1.51s/it] 37%|███▋      | 7/19 [00:10<00:18,  1.51s/it] 42%|████▏     | 8/19 [00:12<00:16,  1.48s/it] 47%|████▋     | 9/19 [00:13<00:14,  1.46s/it] 53%|█████▎    | 10/19 [00:14<00:13,  1.45s/it] 58%|█████▊    | 11/19 [00:16<00:12,  1.61s/it] 63%|██████▎   | 12/19 [00:18<00:10,  1.55s/it] 68%|██████▊   | 13/19 [00:19<00:09,  1.53s/it] 74%|███████▎  | 14/19 [00:21<00:07,  1.55s/it] 79%|███████▉  | 15/19 [00:22<00:06,  1.51s/it] 84%|████████▍ | 16/19 [00:24<00:04,  1.51s/it] 89%|████████▉ | 17/19 [00:25<00:02,  1.50s/it] 95%|█████████▍| 18/19 [00:27<00:01,  1.50s/it]100%|██████████| 19/19 [00:28<00:00,  1.48s/it]100%|██████████| 19/19 [00:28<00:00,  1.51s/it]
  0%|          | 0/17 [00:00<?, ?it/s]  6%|▌         | 1/17 [00:01<00:22,  1.43s/it] 12%|█▏        | 2/17 [00:03<00:22,  1.53s/it] 18%|█▊        | 3/17 [00:04<00:21,  1.52s/it] 24%|██▎       | 4/17 [00:06<00:20,  1.54s/it] 29%|██▉       | 5/17 [00:07<00:18,  1.54s/it] 35%|███▌      | 6/17 [00:09<00:17,  1.59s/it] 41%|████      | 7/17 [00:10<00:15,  1.55s/it] 47%|████▋     | 8/17 [00:12<00:14,  1.65s/it] 53%|█████▎    | 9/17 [00:14<00:12,  1.58s/it] 59%|█████▉    | 10/17 [00:15<00:10,  1.56s/it] 65%|██████▍   | 11/17 [00:17<00:09,  1.51s/it] 71%|███████   | 12/17 [00:18<00:07,  1.53s/it] 76%|███████▋  | 13/17 [00:20<00:06,  1.54s/it] 82%|████████▏ | 14/17 [00:21<00:04,  1.56s/it] 88%|████████▊ | 15/17 [00:23<00:03,  1.52s/it] 94%|█████████▍| 16/17 [00:24<00:01,  1.50s/it]100%|██████████| 17/17 [00:26<00:00,  1.48s/it]100%|██████████| 17/17 [00:26<00:00,  1.54s/it]
  0%|          | 0/30 [00:00<?, ?it/s]  3%|▎         | 1/30 [00:01<00:42,  1.45s/it]  7%|▋         | 2/30 [00:02<00:39,  1.41s/it] 10%|█         | 3/30 [00:04<00:40,  1.51s/it] 13%|█▎        | 4/30 [00:06<00:39,  1.53s/it] 17%|█▋        | 5/30 [00:07<00:36,  1.48s/it] 20%|██        | 6/30 [00:08<00:35,  1.48s/it] 23%|██▎       | 7/30 [00:10<00:33,  1.47s/it] 27%|██▋       | 8/30 [00:11<00:32,  1.49s/it] 30%|███       | 9/30 [00:13<00:34,  1.63s/it] 33%|███▎      | 10/30 [00:15<00:31,  1.58s/it] 37%|███▋      | 11/30 [00:16<00:29,  1.57s/it] 40%|████      | 12/30 [00:18<00:28,  1.58s/it] 43%|████▎     | 13/30 [00:19<00:26,  1.53s/it] 47%|████▋     | 14/30 [00:21<00:24,  1.55s/it] 50%|█████     | 15/30 [00:23<00:23,  1.58s/it] 53%|█████▎    | 16/30 [00:24<00:21,  1.56s/it] 57%|█████▋    | 17/30 [00:26<00:19,  1.53s/it] 60%|██████    | 18/30 [00:27<00:18,  1.51s/it] 63%|██████▎   | 19/30 [00:28<00:15,  1.45s/it] 67%|██████▋   | 20/30 [00:30<00:14,  1.47s/it] 70%|███████   | 21/30 [00:31<00:13,  1.45s/it] 73%|███████▎  | 22/30 [00:33<00:11,  1.44s/it] 77%|███████▋  | 23/30 [00:34<00:10,  1.46s/it] 80%|████████  | 24/30 [00:36<00:08,  1.47s/it] 83%|████████▎ | 25/30 [00:37<00:07,  1.46s/it] 87%|████████▋ | 26/30 [00:39<00:05,  1.46s/it] 90%|█████████ | 27/30 [00:40<00:04,  1.44s/it] 93%|█████████▎| 28/30 [00:42<00:02,  1.46s/it] 97%|█████████▋| 29/30 [00:43<00:01,  1.51s/it]100%|██████████| 30/30 [00:45<00:00,  1.48s/it]100%|██████████| 30/30 [00:45<00:00,  1.50s/it]
  0%|          | 0/217 [00:00<?, ?it/s]  0%|          | 1/217 [00:01<05:13,  1.45s/it]  1%|          | 2/217 [00:02<05:08,  1.43s/it]  1%|▏         | 3/217 [00:04<05:11,  1.46s/it]  2%|▏         | 4/217 [00:06<05:24,  1.52s/it]  2%|▏         | 5/217 [00:07<05:22,  1.52s/it]  3%|▎         | 6/217 [00:09<05:18,  1.51s/it]  3%|▎         | 7/217 [00:10<05:12,  1.49s/it]  4%|▎         | 8/217 [00:11<05:11,  1.49s/it]  4%|▍         | 9/217 [00:13<05:04,  1.47s/it]  5%|▍         | 10/217 [00:15<05:16,  1.53s/it]  5%|▌         | 11/217 [00:16<05:33,  1.62s/it]  6%|▌         | 12/217 [00:18<05:24,  1.59s/it]  6%|▌         | 13/217 [00:19<05:17,  1.56s/it]  6%|▋         | 14/217 [00:21<05:19,  1.58s/it]  7%|▋         | 15/217 [00:22<05:10,  1.54s/it]  7%|▋         | 16/217 [00:24<05:14,  1.56s/it]  8%|▊         | 17/217 [00:26<05:10,  1.55s/it]  8%|▊         | 18/217 [00:27<05:08,  1.55s/it]  9%|▉         | 19/217 [00:29<05:33,  1.68s/it]  9%|▉         | 20/217 [00:31<05:20,  1.63s/it] 10%|▉         | 21/217 [00:32<05:18,  1.62s/it] 10%|█         | 22/217 [00:34<05:11,  1.60s/it] 11%|█         | 23/217 [00:36<05:35,  1.73s/it] 11%|█         | 24/217 [00:37<05:26,  1.69s/it] 12%|█▏        | 25/217 [00:39<05:15,  1.64s/it] 12%|█▏        | 26/217 [00:41<05:15,  1.65s/it] 12%|█▏        | 27/217 [00:42<05:16,  1.67s/it] 13%|█▎        | 28/217 [00:44<05:06,  1.62s/it] 13%|█▎        | 29/217 [00:46<05:20,  1.71s/it] 14%|█▍        | 30/217 [00:47<05:10,  1.66s/it] 14%|█▍        | 31/217 [00:49<04:53,  1.58s/it] 15%|█▍        | 32/217 [00:50<04:51,  1.58s/it] 15%|█▌        | 33/217 [00:52<04:52,  1.59s/it] 16%|█▌        | 34/217 [00:54<05:01,  1.65s/it] 16%|█▌        | 35/217 [00:55<04:42,  1.55s/it] 17%|█▋        | 36/217 [00:57<04:40,  1.55s/it] 17%|█▋        | 37/217 [00:58<04:44,  1.58s/it] 18%|█▊        | 38/217 [01:00<04:40,  1.57s/it] 18%|█▊        | 39/217 [01:01<04:29,  1.51s/it] 18%|█▊        | 40/217 [01:02<04:20,  1.47s/it] 19%|█▉        | 41/217 [01:04<04:23,  1.50s/it] 19%|█▉        | 42/217 [01:05<04:18,  1.48s/it] 20%|█▉        | 43/217 [01:07<04:14,  1.46s/it] 20%|██        | 44/217 [01:08<04:12,  1.46s/it] 21%|██        | 45/217 [01:10<04:09,  1.45s/it] 21%|██        | 46/217 [01:11<04:15,  1.49s/it] 22%|██▏       | 47/217 [01:13<04:13,  1.49s/it] 22%|██▏       | 48/217 [01:14<04:13,  1.50s/it] 23%|██▎       | 49/217 [01:16<04:17,  1.53s/it] 23%|██▎       | 50/217 [01:18<04:19,  1.55s/it] 24%|██▎       | 51/217 [01:19<04:23,  1.59s/it] 24%|██▍       | 52/217 [01:21<04:26,  1.61s/it] 24%|██▍       | 53/217 [01:23<04:24,  1.61s/it] 25%|██▍       | 54/217 [01:24<04:29,  1.65s/it] 25%|██▌       | 55/217 [01:26<04:26,  1.65s/it] 26%|██▌       | 56/217 [01:28<04:24,  1.64s/it] 26%|██▋       | 57/217 [01:29<04:18,  1.61s/it] 27%|██▋       | 58/217 [01:31<04:10,  1.58s/it] 27%|██▋       | 59/217 [01:32<04:16,  1.62s/it] 28%|██▊       | 60/217 [01:34<04:23,  1.68s/it] 28%|██▊       | 61/217 [01:36<04:12,  1.62s/it] 29%|██▊       | 62/217 [01:37<04:05,  1.58s/it] 29%|██▉       | 63/217 [01:39<04:29,  1.75s/it] 29%|██▉       | 64/217 [01:41<04:29,  1.76s/it] 30%|██▉       | 65/217 [01:43<04:14,  1.67s/it] 30%|███       | 66/217 [01:44<04:04,  1.62s/it] 31%|███       | 67/217 [01:45<03:54,  1.56s/it] 31%|███▏      | 68/217 [01:47<03:49,  1.54s/it] 32%|███▏      | 69/217 [01:49<03:54,  1.58s/it] 32%|███▏      | 70/217 [01:50<03:44,  1.53s/it] 33%|███▎      | 71/217 [01:52<03:54,  1.61s/it] 33%|███▎      | 72/217 [01:54<04:01,  1.66s/it] 34%|███▎      | 73/217 [01:56<04:16,  1.78s/it] 34%|███▍      | 74/217 [01:57<04:15,  1.79s/it] 35%|███▍      | 75/217 [01:59<04:00,  1.69s/it] 35%|███▌      | 76/217 [02:00<03:48,  1.62s/it] 35%|███▌      | 77/217 [02:02<03:42,  1.59s/it] 36%|███▌      | 78/217 [02:03<03:34,  1.54s/it] 36%|███▋      | 79/217 [02:05<03:40,  1.60s/it] 37%|███▋      | 80/217 [02:06<03:29,  1.53s/it] 37%|███▋      | 81/217 [02:08<03:23,  1.50s/it] 38%|███▊      | 82/217 [02:09<03:24,  1.51s/it] 38%|███▊      | 83/217 [02:11<03:19,  1.49s/it] 39%|███▊      | 84/217 [02:12<03:13,  1.46s/it] 39%|███▉      | 85/217 [02:14<03:17,  1.49s/it] 40%|███▉      | 86/217 [02:16<03:36,  1.65s/it] 40%|████      | 87/217 [02:17<03:27,  1.59s/it] 41%|████      | 88/217 [02:19<03:22,  1.57s/it] 41%|████      | 89/217 [02:20<03:17,  1.54s/it] 41%|████▏     | 90/217 [02:22<03:15,  1.54s/it] 42%|████▏     | 91/217 [02:23<03:15,  1.55s/it] 42%|████▏     | 92/217 [02:25<03:11,  1.53s/it] 43%|████▎     | 93/217 [02:26<03:11,  1.55s/it] 43%|████▎     | 94/217 [02:28<03:28,  1.70s/it] 44%|████▍     | 95/217 [02:30<03:23,  1.67s/it] 44%|████▍     | 96/217 [02:32<03:17,  1.63s/it] 45%|████▍     | 97/217 [02:33<03:13,  1.61s/it] 45%|████▌     | 98/217 [02:35<03:06,  1.57s/it] 46%|████▌     | 99/217 [02:36<03:05,  1.57s/it] 46%|████▌     | 100/217 [02:38<03:00,  1.54s/it] 47%|████▋     | 101/217 [02:39<02:57,  1.53s/it] 47%|████▋     | 102/217 [02:41<02:53,  1.51s/it] 47%|████▋     | 103/217 [02:42<02:48,  1.48s/it] 48%|████▊     | 104/217 [02:43<02:42,  1.44s/it] 48%|████▊     | 105/217 [02:45<02:42,  1.45s/it] 49%|████▉     | 106/217 [02:47<03:01,  1.64s/it] 49%|████▉     | 107/217 [02:49<03:02,  1.66s/it] 50%|████▉     | 108/217 [02:50<02:51,  1.57s/it] 50%|█████     | 109/217 [02:52<02:49,  1.57s/it] 51%|█████     | 110/217 [02:53<02:51,  1.60s/it] 51%|█████     | 111/217 [02:55<02:43,  1.55s/it] 52%|█████▏    | 112/217 [02:56<02:39,  1.52s/it] 52%|█████▏    | 113/217 [02:59<03:10,  1.84s/it] 53%|█████▎    | 114/217 [03:00<02:58,  1.74s/it] 53%|█████▎    | 115/217 [03:02<02:54,  1.71s/it] 53%|█████▎    | 116/217 [03:03<02:43,  1.62s/it] 54%|█████▍    | 117/217 [03:05<02:32,  1.53s/it] 54%|█████▍    | 118/217 [03:06<02:28,  1.50s/it] 55%|█████▍    | 119/217 [03:08<02:27,  1.50s/it] 55%|█████▌    | 120/217 [03:09<02:23,  1.48s/it] 56%|█████▌    | 121/217 [03:10<02:22,  1.48s/it] 56%|█████▌    | 122/217 [03:12<02:17,  1.45s/it] 57%|█████▋    | 123/217 [03:13<02:20,  1.49s/it] 57%|█████▋    | 124/217 [03:15<02:29,  1.61s/it] 58%|█████▊    | 125/217 [03:17<02:23,  1.56s/it] 58%|█████▊    | 126/217 [03:18<02:17,  1.51s/it] 59%|█████▊    | 127/217 [03:20<02:13,  1.49s/it] 59%|█████▉    | 128/217 [03:21<02:13,  1.50s/it] 59%|█████▉    | 129/217 [03:23<02:13,  1.52s/it] 60%|█████▉    | 130/217 [03:24<02:09,  1.49s/it] 60%|██████    | 131/217 [03:26<02:09,  1.50s/it] 61%|██████    | 132/217 [03:27<02:06,  1.49s/it] 61%|██████▏   | 133/217 [03:29<02:04,  1.49s/it] 62%|██████▏   | 134/217 [03:30<02:04,  1.49s/it] 62%|██████▏   | 135/217 [03:32<02:03,  1.51s/it] 63%|██████▎   | 136/217 [03:33<02:01,  1.51s/it] 63%|██████▎   | 137/217 [03:35<01:59,  1.49s/it] 64%|██████▎   | 138/217 [03:36<01:57,  1.48s/it] 64%|██████▍   | 139/217 [03:37<01:54,  1.47s/it] 65%|██████▍   | 140/217 [03:39<01:54,  1.49s/it] 65%|██████▍   | 141/217 [03:41<01:53,  1.49s/it] 65%|██████▌   | 142/217 [03:42<01:52,  1.50s/it] 66%|██████▌   | 143/217 [03:44<01:52,  1.52s/it] 66%|██████▋   | 144/217 [03:45<01:49,  1.50s/it] 67%|██████▋   | 145/217 [03:47<01:51,  1.55s/it] 67%|██████▋   | 146/217 [03:48<01:46,  1.50s/it] 68%|██████▊   | 147/217 [03:50<01:45,  1.51s/it] 68%|██████▊   | 148/217 [03:51<01:42,  1.48s/it] 69%|██████▊   | 149/217 [03:53<01:44,  1.54s/it] 69%|██████▉   | 150/217 [03:55<01:47,  1.61s/it] 70%|██████▉   | 151/217 [03:56<01:41,  1.54s/it] 70%|███████   | 152/217 [03:58<01:43,  1.59s/it] 71%|███████   | 153/217 [03:59<01:38,  1.53s/it] 71%|███████   | 154/217 [04:00<01:34,  1.50s/it] 71%|███████▏  | 155/217 [04:02<01:30,  1.45s/it] 72%|███████▏  | 156/217 [04:03<01:27,  1.44s/it] 72%|███████▏  | 157/217 [04:05<01:26,  1.44s/it] 73%|███████▎  | 158/217 [04:06<01:27,  1.48s/it] 73%|███████▎  | 159/217 [04:08<01:26,  1.50s/it] 74%|███████▎  | 160/217 [04:10<01:34,  1.65s/it] 74%|███████▍  | 161/217 [04:11<01:29,  1.60s/it] 75%|███████▍  | 162/217 [04:13<01:29,  1.62s/it] 75%|███████▌  | 163/217 [04:14<01:25,  1.59s/it] 76%|███████▌  | 164/217 [04:25<03:50,  4.35s/it] 76%|███████▌  | 165/217 [04:27<03:00,  3.48s/it] 76%|███████▋  | 166/217 [04:28<02:26,  2.88s/it] 77%|███████▋  | 167/217 [04:30<02:09,  2.58s/it] 77%|███████▋  | 168/217 [04:39<03:34,  4.37s/it] 78%|███████▊  | 169/217 [04:40<02:47,  3.49s/it] 78%|███████▊  | 170/217 [04:42<02:17,  2.93s/it]1
2
3
4
5
6
7
8
9
10
11
12
13
14
15
16
17
18
19
20
21
22
23
24
25
26
27
28
29
30
Traceback (most recent call last):
  File "health_transcribe.py", line 48, in <module>
  File "health_transcribe.py", line 12, in transcribe_file
  File "/home/knlab/.local/lib/python3.6/site-packages/google/cloud/speech_v1/gapic/speech_client.py", line 161, in __init__
  File "/home/knlab/.local/lib/python3.6/site-packages/google/cloud/speech_v1/gapic/transports/speech_grpc_transport.py", line 62, in __init__
  File "/home/knlab/.local/lib/python3.6/site-packages/google/cloud/speech_v1/gapic/transports/speech_grpc_transport.py", line 101, in create_channel
  File "/home/knlab/.local/lib/python3.6/site-packages/google/api_core/grpc_helpers.py", line 177, in create_channel
  File "/usr/local/lib/python3.6/dist-packages/google/auth/_default.py", line 305, in default
  File "/usr/local/lib/python3.6/dist-packages/google/auth/_default.py", line 165, in _get_explicit_environ_credentials
  File "/usr/local/lib/python3.6/dist-packages/google/auth/_default.py", line 91, in _load_credentials_from_file
OSError: [Errno 24] Too many open files: '/home/knlab/Summer_study/Lab_members/YS/Recognition-601f56ab0c1c.json'

During handling of the above exception, another exception occurred:

Traceback (most recent call last):
  File "health_transcribe.py", line 51, in <module>
OSError: [Errno 24] Too many open files: 'eeeerrrrorrr.txt'
Error in sys.excepthook:
Traceback (most recent call last):
  File "/usr/lib/python3/dist-packages/apport_python_hook.py", line 63, in apport_excepthook
  File "<frozen importlib._bootstrap>", line 971, in _find_and_load
  File "<frozen importlib._bootstrap>", line 955, in _find_and_load_unlocked
  File "<frozen importlib._bootstrap>", line 665, in _load_unlocked
  File "<frozen importlib._bootstrap_external>", line 674, in exec_module
  File "<frozen importlib._bootstrap_external>", line 780, in get_code
  File "<frozen importlib._bootstrap_external>", line 832, in get_data
OSError: [Errno 24] Too many open files: '/usr/lib/python3/dist-packages/apport/__init__.py'

Original exception was:
Traceback (most recent call last):
  File "health_transcribe.py", line 48, in <module>
  File "health_transcribe.py", line 12, in transcribe_file
  File "/home/knlab/.local/lib/python3.6/site-packages/google/cloud/speech_v1/gapic/speech_client.py", line 161, in __init__
  File "/home/knlab/.local/lib/python3.6/site-packages/google/cloud/speech_v1/gapic/transports/speech_grpc_transport.py", line 62, in __init__
  File "/home/knlab/.local/lib/python3.6/site-packages/google/cloud/speech_v1/gapic/transports/speech_grpc_transport.py", line 101, in create_channel
  File "/home/knlab/.local/lib/python3.6/site-packages/google/api_core/grpc_helpers.py", line 177, in create_channel
  File "/usr/local/lib/python3.6/dist-packages/google/auth/_default.py", line 305, in default
  File "/usr/local/lib/python3.6/dist-packages/google/auth/_default.py", line 165, in _get_explicit_environ_credentials
  File "/usr/local/lib/python3.6/dist-packages/google/auth/_default.py", line 91, in _load_credentials_from_file
OSError: [Errno 24] Too many open files: '/home/knlab/Summer_study/Lab_members/YS/Recognition-601f56ab0c1c.json'

During handling of the above exception, another exception occurred:

Traceback (most recent call last):
  File "health_transcribe.py", line 51, in <module>
OSError: [Errno 24] Too many open files: 'eeeerrrrorrr.txt'
 78%|███████▊  | 170/217 [04:42<01:18,  1.66s/it]
